{
  "RSpec": {
    "coverage": {
      "/home/sabino/SABINO/TREINA_DEV12/PROJETO_INDIVIDUAL/rails-events/app/helpers/application_helper.rb": {
        "lines": [
          1,
          null
        ]
      },
      "/home/sabino/SABINO/TREINA_DEV12/PROJETO_INDIVIDUAL/rails-events/app/controllers/application_controller.rb": {
        "lines": [
          0,
          0
        ],
        "branches": {
        }
      },
      "/home/sabino/SABINO/TREINA_DEV12/PROJETO_INDIVIDUAL/rails-events/app/models/application_record.rb": {
        "lines": [
          0,
          0,
          0
        ],
        "branches": {
        }
      }
    },
    "timestamp": 1713214280
  }
}
